d:\dev\personalprojects\jucelib\jucelib\builds\visualstudio2022\x64\release\static library\jucelib.pdb
d:\dev\personalprojects\jucelib\jucelib\builds\visualstudio2022\x64\release\static library\include_juce_gui_basics.obj
d:\dev\personalprojects\jucelib\jucelib\builds\visualstudio2022\x64\release\static library\include_juce_core.obj
d:\dev\personalprojects\jucelib\jucelib\builds\visualstudio2022\x64\release\static library\include_juce_data_structures.obj
d:\dev\personalprojects\jucelib\jucelib\builds\visualstudio2022\x64\release\static library\include_juce_events.obj
d:\dev\personalprojects\jucelib\jucelib\builds\visualstudio2022\x64\release\static library\include_juce_graphics.obj
d:\dev\personalprojects\jucelib\jucelib\builds\visualstudio2022\x64\release\static library\include_juce_gui_extra.obj
d:\dev\personalprojects\rep4er\juce\builds\visualstudio2022\x64\release\static library\include_juce_events.obj
d:\dev\personalprojects\rep4er\juce\builds\visualstudio2022\x64\release\static library\include_juce_graphics.obj
d:\dev\personalprojects\rep4er\juce\builds\visualstudio2022\x64\release\static library\include_juce_data_structures.obj
d:\dev\personalprojects\rep4er\juce\builds\visualstudio2022\x64\release\static library\include_juce_gui_extra.obj
d:\dev\personalprojects\rep4er\juce\builds\visualstudio2022\x64\release\static library\include_juce_core.obj
d:\dev\personalprojects\rep4er\juce\builds\visualstudio2022\x64\release\static library\jucelib.pdb
d:\dev\personalprojects\rep4er\juce\builds\visualstudio2022\x64\release\static library\include_juce_gui_basics.obj
d:\dev\personalprojects\jucelib\jucelib\builds\visualstudio2022\x64\release\static library\jucelib.lib
d:\dev\personalprojects\rep4er\x64\release\static library\jucelib.lib
d:\dev\personalprojects\rep4er\x64\release\static library\jucelib.pdb
d:\dev\personalprojects\rep4er\juce\builds\visualstudio2022\x64\release\static library\jucelib_.538c7304.tlog\cl.command.1.tlog
d:\dev\personalprojects\rep4er\juce\builds\visualstudio2022\x64\release\static library\jucelib_.538c7304.tlog\cl.read.1.tlog
d:\dev\personalprojects\rep4er\juce\builds\visualstudio2022\x64\release\static library\jucelib_.538c7304.tlog\cl.write.1.tlog
d:\dev\personalprojects\rep4er\juce\builds\visualstudio2022\x64\release\static library\jucelib_.538c7304.tlog\lib-link.read.1.tlog
d:\dev\personalprojects\rep4er\juce\builds\visualstudio2022\x64\release\static library\jucelib_.538c7304.tlog\lib-link.write.1.tlog
d:\dev\personalprojects\rep4er\juce\builds\visualstudio2022\x64\release\static library\jucelib_.538c7304.tlog\lib.command.1.tlog
